{
  "RSpec": {
    "coverage": {
      "/Users/coreydavis/turing_projects/mentorSHIP/config/environment.rb": [
        null,
        1,
        null,
        null,
        1,
        null,
        1,
        null,
        1,
        null,
        null,
        null,
        null,
        null,
        null,
        null,
        null,
        null,
        null,
        null,
        null,
        null,
        null,
        null,
        null,
        null
      ],
      "/Users/coreydavis/turing_projects/mentorSHIP/config/application.rb": [
        1,
        null,
        1,
        null,
        null,
        null,
        1,
        null,
        null,
        1,
        1,
        null,
        null,
        null,
        null,
        null,
        null,
        null,
        null,
        null,
        null,
        null,
        null,
        null,
        null
      ],
      "/Users/coreydavis/turing_projects/mentorSHIP/config/boot.rb": [
        null,
        1,
        null,
        1
      ],
      "/Users/coreydavis/turing_projects/mentorSHIP/config/environments/test.rb": [
        1,
        null,
        null,
        null,
        null,
        null,
        null,
        1,
        null,
        null,
        null,
        null,
        1,
        null,
        null,
        1,
        1,
        null,
        null,
        1,
        1,
        null,
        null,
        1,
        null,
        null,
        1,
        null,
        null,
        null,
        null,
        1,
        null,
        null,
        1,
        null,
        null,
        null,
        null
      ],
      "/Users/coreydavis/turing_projects/mentorSHIP/config/initializers/assets.rb": [
        null,
        null,
        null,
        1,
        null,
        null,
        null,
        null
      ],
      "/Users/coreydavis/turing_projects/mentorSHIP/config/initializers/backtrace_silencers.rb": [
        null,
        null,
        null,
        null,
        null,
        null,
        null
      ],
      "/Users/coreydavis/turing_projects/mentorSHIP/config/initializers/cookies_serializer.rb": [
        null,
        null,
        1
      ],
      "/Users/coreydavis/turing_projects/mentorSHIP/config/initializers/filter_parameter_logging.rb": [
        null,
        null,
        null,
        1
      ],
      "/Users/coreydavis/turing_projects/mentorSHIP/config/initializers/inflections.rb": [
        null,
        null,
        null,
        null,
        null,
        null,
        null,
        null,
        null,
        null,
        null,
        null,
        null,
        null,
        null,
        null
      ],
      "/Users/coreydavis/turing_projects/mentorSHIP/config/initializers/mime_types.rb": [
        null,
        null,
        null,
        null
      ],
      "/Users/coreydavis/turing_projects/mentorSHIP/config/initializers/omniauth.rb": [
        1,
        1,
        null,
        null,
        null
      ],
      "/Users/coreydavis/turing_projects/mentorSHIP/config/initializers/pusher.rb": [
        1,
        1
      ],
      "/Users/coreydavis/turing_projects/mentorSHIP/config/initializers/session_store.rb": [
        null,
        null,
        1
      ],
      "/Users/coreydavis/turing_projects/mentorSHIP/config/initializers/wrap_parameters.rb": [
        null,
        null,
        null,
        null,
        null,
        null,
        1,
        1,
        null,
        null,
        null,
        null,
        null,
        null
      ],
      "/Users/coreydavis/turing_projects/mentorSHIP/config/routes.rb": [
        1,
        null,
        1,
        null,
        1,
        1,
        1,
        1,
        null,
        1,
        null,
        1,
        1,
        1,
        1,
        1,
        1,
        1,
        null,
        null,
        null
      ],
      "/Users/coreydavis/turing_projects/mentorSHIP/app/helpers/application_helper.rb": [
        1,
        null,
        1,
        0,
        null,
        null,
        1,
        0,
        null,
        null
      ],
      "/Users/coreydavis/turing_projects/mentorSHIP/app/helpers/static_pages_controller_helper.rb": [
        1,
        null
      ],
      "/Users/coreydavis/turing_projects/mentorSHIP/app/controllers/static_pages_controller.rb": [
        1,
        1,
        1,
        null,
        1,
        null,
        null,
        1,
        0,
        null,
        null,
        1,
        null,
        1,
        2,
        null,
        null,
        1,
        2,
        null,
        null
      ],
      "/Users/coreydavis/turing_projects/mentorSHIP/app/controllers/application_controller.rb": [
        1,
        1,
        null,
        1,
        28,
        null,
        null,
        1,
        null
      ],
      "/Users/coreydavis/turing_projects/mentorSHIP/app/controllers/mentors_controller.rb": [
        1,
        1,
        1,
        1,
        null,
        1,
        2,
        2,
        null,
        2,
        0,
        null,
        null,
        null,
        1,
        2,
        2,
        2,
        null,
        null,
        1,
        1,
        1,
        null,
        null,
        1,
        2,
        null,
        2,
        2,
        2,
        2,
        null,
        0,
        0,
        null,
        null,
        null,
        1,
        null,
        null,
        1,
        5,
        null,
        5,
        3,
        3,
        3,
        null,
        2,
        2,
        null,
        null,
        null,
        1,
        0,
        null,
        null,
        null,
        1,
        null,
        1,
        5,
        5,
        null,
        null,
        1,
        7,
        null,
        null,
        1,
        2,
        0,
        null,
        null,
        null,
        1,
        12,
        null,
        null,
        null,
        null,
        null,
        null,
        null,
        null,
        null,
        1,
        2,
        0,
        0,
        null,
        2,
        null,
        null,
        null,
        1,
        2,
        0,
        0,
        null,
        null,
        null,
        1,
        2,
        null,
        null
      ],
      "/Users/coreydavis/turing_projects/mentorSHIP/app/controllers/snippets_controller.rb": [
        1,
        null,
        1,
        null,
        null
      ],
      "/Users/coreydavis/turing_projects/mentorSHIP/app/controllers/students_controller.rb": [
        1,
        1,
        1,
        1,
        null,
        1,
        2,
        null,
        null,
        1,
        3,
        null,
        3,
        3,
        3,
        null,
        0,
        null,
        null,
        null,
        1,
        2,
        2,
        null,
        null,
        1,
        null,
        null,
        1,
        9,
        0,
        0,
        null,
        9,
        9,
        null,
        null,
        null,
        1,
        null,
        1,
        12,
        null,
        null,
        null,
        null,
        null,
        null,
        null,
        null,
        1,
        13,
        null,
        null,
        1,
        2,
        0,
        0,
        null,
        2,
        null,
        null,
        null,
        1,
        20,
        0,
        0,
        null,
        null,
        null
      ],
      "/Users/coreydavis/turing_projects/mentorSHIP/app/mailers/appointment_mailer.rb": [
        1,
        1,
        null,
        1,
        0,
        0,
        0,
        0,
        null,
        0,
        null,
        null,
        null
      ],
      "/Users/coreydavis/turing_projects/mentorSHIP/app/models/snippet.rb": [
        1,
        1,
        null
      ],
      "/Users/coreydavis/turing_projects/mentorSHIP/app/models/mentor.rb": [
        1,
        1,
        null,
        null,
        1,
        1,
        1,
        null,
        1,
        null,
        null,
        null,
        1,
        null
      ],
      "/Users/coreydavis/turing_projects/mentorSHIP/app/models/mod.rb": [
        1,
        1,
        1,
        null,
        1,
        1,
        1,
        null
      ],
      "/Users/coreydavis/turing_projects/mentorSHIP/app/models/posse.rb": [
        1,
        null
      ],
      "/Users/coreydavis/turing_projects/mentorSHIP/app/models/project.rb": [
        1,
        1,
        null
      ],
      "/Users/coreydavis/turing_projects/mentorSHIP/app/models/student.rb": [
        1,
        1,
        null,
        null,
        null,
        null,
        null,
        1,
        1,
        null,
        1,
        null,
        null,
        1,
        null
      ],
      "/Users/coreydavis/turing_projects/mentorSHIP/app/models/user.rb": [
        1,
        null,
        1,
        1,
        null,
        1,
        0,
        null,
        null,
        1,
        0,
        null,
        null,
        1,
        0,
        null,
        null,
        1,
        0,
        0,
        null,
        null,
        null
      ],
      "/Users/coreydavis/turing_projects/mentorSHIP/app/models/skill.rb": [
        1,
        1,
        null,
        1,
        1,
        null
      ],
      "/Users/coreydavis/turing_projects/mentorSHIP/app/models/appointment.rb": [
        1,
        null,
        1,
        1,
        null,
        1,
        null,
        null,
        null,
        null
      ],
      "/Users/coreydavis/turing_projects/mentorSHIP/app/models/notification.rb": [
        1,
        null,
        1,
        1,
        null,
        1,
        null,
        null,
        null
      ],
      "/Users/coreydavis/turing_projects/mentorSHIP/app/models/preference.rb": [
        1,
        1,
        null
      ],
      "/Users/coreydavis/turing_projects/mentorSHIP/app/models/mentor_skill.rb": [
        1,
        1,
        1,
        null
      ],
      "/Users/coreydavis/turing_projects/mentorSHIP/app/models/comment.rb": [
        1,
        1,
        null
      ]
    },
    "timestamp": 1417639275
  }
}
