{
  "RSpec": {
    "coverage": {
      "/Users/coreydavis/turing_projects/mentorSHIP/config/environment.rb": [
        null,
        1,
        null,
        null,
        1
      ],
      "/Users/coreydavis/turing_projects/mentorSHIP/config/application.rb": [
        1,
        null,
        1,
        null,
        null,
        null,
        1,
        null,
        1,
        1,
        null,
        null,
        null,
        null,
        null,
        null,
        null,
        null,
        null,
        null,
        null,
        null,
        null
      ],
      "/Users/coreydavis/turing_projects/mentorSHIP/config/boot.rb": [
        null,
        1,
        null,
        1
      ],
      "/Users/coreydavis/turing_projects/mentorSHIP/config/environments/test.rb": [
        1,
        null,
        null,
        null,
        null,
        null,
        null,
        1,
        null,
        null,
        null,
        null,
        1,
        null,
        null,
        1,
        1,
        null,
        null,
        1,
        1,
        null,
        null,
        1,
        null,
        null,
        1,
        null,
        null,
        null,
        null,
        1,
        null,
        null,
        1,
        null,
        null,
        null,
        null
      ],
      "/Users/coreydavis/turing_projects/mentorSHIP/config/initializers/assets.rb": [
        null,
        null,
        null,
        1,
        null,
        null,
        null,
        null
      ],
      "/Users/coreydavis/turing_projects/mentorSHIP/config/initializers/backtrace_silencers.rb": [
        null,
        null,
        null,
        null,
        null,
        null,
        null
      ],
      "/Users/coreydavis/turing_projects/mentorSHIP/config/initializers/cookies_serializer.rb": [
        null,
        null,
        1
      ],
      "/Users/coreydavis/turing_projects/mentorSHIP/config/initializers/filter_parameter_logging.rb": [
        null,
        null,
        null,
        1
      ],
      "/Users/coreydavis/turing_projects/mentorSHIP/config/initializers/inflections.rb": [
        null,
        null,
        null,
        null,
        null,
        null,
        null,
        null,
        null,
        null,
        null,
        null,
        null,
        null,
        null,
        null
      ],
      "/Users/coreydavis/turing_projects/mentorSHIP/config/initializers/mime_types.rb": [
        null,
        null,
        null,
        null
      ],
      "/Users/coreydavis/turing_projects/mentorSHIP/config/initializers/omniauth.rb": [
        1,
        1,
        null
      ],
      "/Users/coreydavis/turing_projects/mentorSHIP/config/initializers/pusher.rb": [
        1,
        1
      ],
      "/Users/coreydavis/turing_projects/mentorSHIP/config/initializers/session_store.rb": [
        null,
        null,
        1
      ],
      "/Users/coreydavis/turing_projects/mentorSHIP/config/initializers/wrap_parameters.rb": [
        null,
        null,
        null,
        null,
        null,
        null,
        1,
        1,
        null,
        null,
        null,
        null,
        null,
        null
      ],
      "/Users/coreydavis/turing_projects/mentorSHIP/config/routes.rb": [
        1,
        null,
        1,
        null,
        1,
        null,
        1,
        1,
        null,
        null
      ],
      "/Users/coreydavis/turing_projects/mentorSHIP/app/helpers/application_helper.rb": [
        1,
        null
      ],
      "/Users/coreydavis/turing_projects/mentorSHIP/app/controllers/mentors_controller.rb": [
        1,
        null,
        1,
        2,
        null,
        null,
        1,
        2,
        null,
        null,
        1,
        1,
        null,
        null,
        1,
        4,
        null,
        4,
        2,
        2,
        2,
        null,
        2,
        2,
        null,
        null,
        null,
        1,
        0,
        null,
        null,
        1,
        3,
        3,
        null,
        3,
        3,
        3,
        3,
        null,
        0,
        0,
        null,
        null,
        null,
        1,
        null,
        1,
        10,
        null,
        null,
        null,
        null,
        null,
        null,
        null,
        1,
        0,
        null,
        null
      ],
      "/Users/coreydavis/turing_projects/mentorSHIP/app/controllers/application_controller.rb": [
        1,
        null,
        null,
        1,
        null
      ],
      "/Users/coreydavis/turing_projects/mentorSHIP/app/models/student.rb": [
        1,
        1,
        1,
        1,
        null
      ],
      "/Users/coreydavis/turing_projects/mentorSHIP/app/models/mentor.rb": [
        1,
        1,
        null,
        1,
        1,
        null,
        1,
        5,
        0,
        0,
        null,
        null,
        0,
        0,
        null,
        null,
        0,
        null,
        null,
        null
      ]
    },
    "timestamp": 1416452106
  }
}
